#
# There is insufficient memory for the Java Runtime Environment to continue.
# Native memory allocation (malloc) failed to allocate 1177808 bytes for Chunk::new
# Possible reasons:
#   The system is out of physical RAM or swap space
#   The process is running with CompressedOops enabled, and the Java Heap may be blocking the growth of the native heap
# Possible solutions:
#   Reduce memory load on the system
#   Increase physical memory or swap space
#   Check if swap backing store is full
#   Decrease Java heap size (-Xmx/-Xms)
#   Decrease number of Java threads
#   Decrease Java thread stack sizes (-Xss)
#   Set larger code cache with -XX:ReservedCodeCacheSize=
#   JVM is running with Unscaled Compressed Oops mode in which the Java heap is
#     placed in the first 4GB address space. The Java Heap base address is the
#     maximum limit for the native heap growth. Please use -XX:HeapBaseMinAddress
#     to set the Java Heap base and to place the Java Heap above 4GB virtual address.
# This output file may be truncated or incomplete.
#
#  Out of Memory Error (allocation.cpp:389), pid=22880, tid=0x00000000000064a4
#
# JRE version: Java(TM) SE Runtime Environment (8.0_241-b07) (build 1.8.0_241-b07)
# Java VM: Java HotSpot(TM) 64-Bit Server VM (25.241-b07 mixed mode windows-amd64 compressed oops)
# Failed to write core dump. Minidumps are not enabled by default on client versions of Windows
#

---------------  T H R E A D  ---------------

Current thread (0x000000001a05a000):  JavaThread "C2 CompilerThread1" daemon [_thread_in_native, id=25764, stack(0x000000001ae10000,0x000000001af10000)]

Stack: [0x000000001ae10000,0x000000001af10000]
[error occurred during error reporting (printing stack bounds), id 0xc0000005]

Native frames: (J=compiled Java code, j=interpreted, Vv=VM code, C=native code)


Current CompileTask:
C2:   1715  831       4       org.eclipse.jdt.launching.internal.org.objectweb.asm.SymbolTable::addConstant (330 bytes)


---------------  P R O C E S S  ---------------

Java Threads: ( => current thread )
  0x000000001c0f0800 JavaThread "Timer-0" [_thread_blocked, id=8172, stack(0x00000000253d0000,0x00000000254d0000)]
  0x000000001c98d800 JavaThread "JavaFX-Launcher" [_thread_blocked, id=32676, stack(0x0000000024aa0000,0x0000000024ba0000)]
  0x000000001c684000 JavaThread "Thread-2" daemon [_thread_in_native, id=29552, stack(0x00000000249a0000,0x0000000024aa0000)]
  0x000000001d0ec800 JavaThread "JavaFX Application Thread" [_thread_in_native, id=28244, stack(0x000000001e010000,0x000000001e110000)]
  0x000000001c786800 JavaThread "Thread-1" daemon [_thread_blocked, id=8124, stack(0x000000001df10000,0x000000001e010000)]
  0x000000001bd3c800 JavaThread "QuantumRenderer-0" daemon [_thread_blocked, id=24432, stack(0x000000001cc80000,0x000000001cd80000)]
  0x000000001a051000 JavaThread "Service Thread" daemon [_thread_blocked, id=30096, stack(0x000000001b110000,0x000000001b210000)]
  0x000000001a05d800 JavaThread "C1 CompilerThread3" daemon [_thread_blocked, id=31884, stack(0x000000001b010000,0x000000001b110000)]
  0x000000001a05d000 JavaThread "C2 CompilerThread2" daemon [_thread_in_native, id=10400, stack(0x000000001af10000,0x000000001b010000)]
=>0x000000001a05a000 JavaThread "C2 CompilerThread1" daemon [_thread_in_native, id=25764, stack(0x000000001ae10000,0x000000001af10000)]
  0x000000001a057800 JavaThread "C2 CompilerThread0" daemon [_thread_in_native, id=18860, stack(0x000000001ad10000,0x000000001ae10000)]
  0x0000000019f15000 JavaThread "JDWP Command Reader" daemon [_thread_in_native, id=29024, stack(0x000000001ac10000,0x000000001ad10000)]
  0x0000000019f10000 JavaThread "JDWP Event Helper Thread" daemon [_thread_blocked, id=16868, stack(0x000000001ab10000,0x000000001ac10000)]
  0x0000000019f04800 JavaThread "JDWP Transport Listener: dt_socket" daemon [_thread_blocked, id=25060, stack(0x000000001aa10000,0x000000001ab10000)]
  0x0000000019efa000 JavaThread "Attach Listener" daemon [_thread_blocked, id=8944, stack(0x000000001a5d0000,0x000000001a6d0000)]
  0x0000000017fee000 JavaThread "Signal Dispatcher" daemon [_thread_blocked, id=33612, stack(0x000000001a4d0000,0x000000001a5d0000)]
  0x0000000019ef0800 JavaThread "Finalizer" daemon [_thread_blocked, id=13948, stack(0x000000001a2d0000,0x000000001a3d0000)]
  0x0000000003058000 JavaThread "Reference Handler" daemon [_thread_blocked, id=30428, stack(0x0000000019dd0000,0x0000000019ed0000)]
  0x0000000002f63800 JavaThread "main" [_thread_blocked, id=22128, stack(0x0000000002c50000,0x0000000002d50000)]

Other Threads:
  0x0000000017fda000 VMThread [stack: 0x0000000019cd0000,0x0000000019dd0000] [id=9012]
  0x000000001a180000 WatcherThread [stack: 0x000000001b210000,0x000000001b310000] [id=30528]

VM state:not at safepoint (normal execution)

VM Mutex/Monitor currently owned by a thread: None

heap address: 0x0000000081c00000, size: 2020 MB, Compressed Oops mode: 32-bit
Narrow klass base: 0x0000000000000000, Narrow klass shift: 3
Compressed class space size: 1073741824 Address: 0x0000000100000000

Heap:
 PSYoungGen      total 38400K, used 19141K [0x00000000d5f00000, 0x00000000d8980000, 0x0000000100000000)
  eden space 33280K, 42% used [0x00000000d5f00000,0x00000000d6cb8dc8,0x00000000d7f80000)
  from space 5120K, 99% used [0x00000000d8480000,0x00000000d8978640,0x00000000d8980000)
  to   space 5120K, 0% used [0x00000000d7f80000,0x00000000d7f80000,0x00000000d8480000)
 ParOldGen       total 87552K, used 4477K [0x0000000081c00000, 0x0000000087180000, 0x00000000d5f00000)
  object space 87552K, 5% used [0x0000000081c00000,0x000000008205f548,0x0000000087180000)
 Metaspace       used 12936K, capacity 13468K, committed 13696K, reserved 1060864K
  class space    used 1750K, capacity 1858K, committed 1920K, reserved 1048576K

Card table byte_map: [0x0000000012420000,0x0000000012820000] byte_map_base: 0x0000000012012000

Marking Bits: (ParMarkBitMap*) 0x00000000772bbe30
 Begin Bits: [0x00000000132d0000, 0x0000000015260000)
 End Bits:   [0x0000000015260000, 0x00000000171f0000)

Polling page: 0x00000000013f0000

CodeCache: size=245760Kb used=4628Kb max_used=4628Kb free=241131Kb
 bounds [0x0000000003060000, 0x00000000034f0000, 0x0000000012060000]
 total_blobs=1575 nmethods=1045 adapters=451
 compilation: enabled

Compilation events (10 events):
Event: 1.623 Thread 0x000000001a05d800  988       1       com.sun.javafx.css.SelectorPartitioning$Slot::access$1000 (5 bytes)
Event: 1.623 Thread 0x000000001a05d800 nmethod 988 0x00000000034b1290 code [0x00000000034b13e0, 0x00000000034b14d0]
Event: 1.623 Thread 0x000000001a05d800  989       1       com.sun.javafx.css.SelectorPartitioning$PartitionKey::access$1100 (5 bytes)
Event: 1.623 Thread 0x000000001a05d800 nmethod 989 0x00000000034b0fd0 code [0x00000000034b1120, 0x00000000034b1210]
Event: 1.623 Thread 0x000000001a05d800  990       1       com.sun.javafx.css.SelectorPartitioning$Slot::access$1300 (5 bytes)
Event: 1.623 Thread 0x000000001a05d800 nmethod 990 0x00000000034b0d10 code [0x00000000034b0e60, 0x00000000034b0f50]
Event: 1.623 Thread 0x000000001a05d800  991       1       com.sun.javafx.css.SelectorPartitioning$Partition::access$1400 (5 bytes)
Event: 1.623 Thread 0x000000001a05d800 nmethod 991 0x00000000034b0a50 code [0x00000000034b0ba0, 0x00000000034b0c90]
Event: 1.623 Thread 0x000000001a05d800  992       1       com.sun.javafx.css.Selector::getOrdinal (5 bytes)
Event: 1.623 Thread 0x000000001a05d800 nmethod 992 0x00000000034b0790 code [0x00000000034b08e0, 0x00000000034b09f0]

GC Heap History (4 events):
Event: 1.030 GC heap before
{Heap before GC invocations=1 (full 0):
 PSYoungGen      total 38400K, used 33280K [0x00000000d5f00000, 0x00000000d8980000, 0x0000000100000000)
  eden space 33280K, 100% used [0x00000000d5f00000,0x00000000d7f80000,0x00000000d7f80000)
  from space 5120K, 0% used [0x00000000d8480000,0x00000000d8480000,0x00000000d8980000)
  to   space 5120K, 0% used [0x00000000d7f80000,0x00000000d7f80000,0x00000000d8480000)
 ParOldGen       total 87552K, used 0K [0x0000000081c00000, 0x0000000087180000, 0x00000000d5f00000)
  object space 87552K, 0% used [0x0000000081c00000,0x0000000081c00000,0x0000000087180000)
 Metaspace       used 8592K, capacity 8926K, committed 9088K, reserved 1056768K
  class space    used 977K, capacity 1103K, committed 1152K, reserved 1048576K
Event: 1.035 GC heap after
Heap after GC invocations=1 (full 0):
 PSYoungGen      total 38400K, used 2338K [0x00000000d5f00000, 0x00000000d8980000, 0x0000000100000000)
  eden space 33280K, 0% used [0x00000000d5f00000,0x00000000d5f00000,0x00000000d7f80000)
  from space 5120K, 45% used [0x00000000d7f80000,0x00000000d81c89c0,0x00000000d8480000)
  to   space 5120K, 0% used [0x00000000d8480000,0x00000000d8480000,0x00000000d8980000)
 ParOldGen       total 87552K, used 8K [0x0000000081c00000, 0x0000000087180000, 0x00000000d5f00000)
  object space 87552K, 0% used [0x0000000081c00000,0x0000000081c02000,0x0000000087180000)
 Metaspace       used 8592K, capacity 8926K, committed 9088K, reserved 1056768K
  class space    used 977K, capacity 1103K, committed 1152K, reserved 1048576K
}
Event: 1.474 GC heap before
{Heap before GC invocations=2 (full 0):
 PSYoungGen      total 38400K, used 35618K [0x00000000d5f00000, 0x00000000d8980000, 0x0000000100000000)
  eden space 33280K, 100% used [0x00000000d5f00000,0x00000000d7f80000,0x00000000d7f80000)
  from space 5120K, 45% used [0x00000000d7f80000,0x00000000d81c89c0,0x00000000d8480000)
  to   space 5120K, 0% used [0x00000000d8480000,0x00000000d8480000,0x00000000d8980000)
 ParOldGen       total 87552K, used 8K [0x0000000081c00000, 0x0000000087180000, 0x00000000d5f00000)
  object space 87552K, 0% used [0x0000000081c00000,0x0000000081c02000,0x0000000087180000)
 Metaspace       used 11374K, capacity 11832K, committed 11904K, reserved 1058816K
  class space    used 1482K, capacity 1610K, committed 1664K, reserved 1048576K
Event: 1.482 GC heap after
Heap after GC invocations=2 (full 0):
 PSYoungGen      total 38400K, used 5089K [0x00000000d5f00000, 0x00000000d8980000, 0x0000000100000000)
  eden space 33280K, 0% used [0x00000000d5f00000,0x00000000d5f00000,0x00000000d7f80000)
  from space 5120K, 99% used [0x00000000d8480000,0x00000000d8978640,0x00000000d8980000)
  to   space 5120K, 0% used [0x00000000d7f80000,0x00000000d7f80000,0x00000000d8480000)
 ParOldGen       total 87552K, used 4477K [0x0000000081c00000, 0x0000000087180000, 0x00000000d5f00000)
  object space 87552K, 5% used [0x0000000081c00000,0x000000008205f548,0x0000000087180000)
 Metaspace       used 11374K, capacity 11832K, committed 11904K, reserved 1058816K
  class space    used 1482K, capacity 1610K, committed 1664K, reserved 1048576K
}

Deoptimization events (9 events):
Event: 0.711 Thread 0x0000000002f63800 Uncommon trap: reason=unstable_if action=reinterpret pc=0x00000000031e8620 method=org.eclipse.jdt.launching.internal.org.objectweb.asm.ClassReader.readUtf(II[C)Ljava/lang/String; @ 41
Event: 0.711 Thread 0x0000000002f63800 Uncommon trap: reason=unstable_if action=reinterpret pc=0x00000000032858e4 method=org.eclipse.jdt.launching.internal.org.objectweb.asm.ByteVector.putUTF8(Ljava/lang/String;)Lorg/eclipse/jdt/launching/internal/org/objectweb/asm/ByteVector; @ 100
Event: 0.711 Thread 0x0000000002f63800 Uncommon trap: reason=unstable_if action=reinterpret pc=0x000000000323caac method=org.eclipse.jdt.launching.internal.org.objectweb.asm.ByteVector.putUTF8(Ljava/lang/String;)Lorg/eclipse/jdt/launching/internal/org/objectweb/asm/ByteVector; @ 100
Event: 1.230 Thread 0x000000001d0ec800 Uncommon trap: reason=unstable_if action=reinterpret pc=0x00000000033f91f0 method=com.sun.javafx.image.impl.ByteBgra$ToByteBgraPreConv.doConvert([BII[BIIII)V @ 75
Event: 1.231 Thread 0x000000001d0ec800 Uncommon trap: reason=unstable_if action=reinterpret pc=0x00000000033fd794 method=com.sun.javafx.image.impl.BaseByteToByteConverter$FourByteReorderer.doConvert([BII[BIIII)V @ 31
Event: 1.332 Thread 0x000000001d0ec800 Uncommon trap: reason=unstable_if action=reinterpret pc=0x00000000032dadcc method=org.eclipse.jdt.launching.internal.org.objectweb.asm.SymbolTable.addConstantUtf8Reference(ILjava/lang/String;)Lorg/eclipse/jdt/launching/internal/org/objectweb/asm/Symbol; @
Event: 1.332 Thread 0x000000001d0ec800 Uncommon trap: reason=unstable_if action=reinterpret pc=0x000000000331a030 method=org.eclipse.jdt.launching.internal.org.objectweb.asm.SymbolTable.addConstantUtf8(Ljava/lang/String;)I @ 40
Event: 1.332 Thread 0x000000001d0ec800 Uncommon trap: reason=unstable_if action=reinterpret pc=0x000000000330a70c method=org.eclipse.jdt.launching.internal.org.objectweb.asm.ByteVector.putUTF8(Ljava/lang/String;)Lorg/eclipse/jdt/launching/internal/org/objectweb/asm/ByteVector; @ 93
Event: 1.332 Thread 0x000000001d0ec800 Uncommon trap: reason=unstable_if action=reinterpret pc=0x00000000033b5ad0 method=org.eclipse.jdt.launching.internal.org.objectweb.asm.ByteVector.encodeUtf8(Ljava/lang/String;II)Lorg/eclipse/jdt/launching/internal/org/objectweb/asm/ByteVector; @ 30

Classes redefined (0 events):
No events

Internal exceptions (10 events):
Event: 1.233 Thread 0x000000001d0ec800 Exception <a 'java/io/FileNotFoundException'> (0x00000000d6c215f8) thrown at [C:\ade\jenkins\workspace\8-2-build-windows-amd64-cygwin\jdk8u241\331\hotspot\src\share\vm\prims\jni.cpp, line 710]
Event: 1.235 Thread 0x000000001d0ec800 Exception <a 'java/io/FileNotFoundException'> (0x00000000d6c340e8) thrown at [C:\ade\jenkins\workspace\8-2-build-windows-amd64-cygwin\jdk8u241\331\hotspot\src\share\vm\prims\jni.cpp, line 710]
Event: 1.236 Thread 0x000000001d0ec800 Exception <a 'java/io/FileNotFoundException'> (0x00000000d6c45e00) thrown at [C:\ade\jenkins\workspace\8-2-build-windows-amd64-cygwin\jdk8u241\331\hotspot\src\share\vm\prims\jni.cpp, line 710]
Event: 1.239 Thread 0x000000001d0ec800 Exception <a 'java/io/FileNotFoundException'> (0x00000000d6c60ea0) thrown at [C:\ade\jenkins\workspace\8-2-build-windows-amd64-cygwin\jdk8u241\331\hotspot\src\share\vm\prims\jni.cpp, line 710]
Event: 1.242 Thread 0x000000001d0ec800 Exception <a 'java/io/FileNotFoundException'> (0x00000000d6c682c8) thrown at [C:\ade\jenkins\workspace\8-2-build-windows-amd64-cygwin\jdk8u241\331\hotspot\src\share\vm\prims\jni.cpp, line 710]
Event: 1.259 Thread 0x000000001d0ec800 Exception <a 'java/io/FileNotFoundException'> (0x00000000d6c7c100) thrown at [C:\ade\jenkins\workspace\8-2-build-windows-amd64-cygwin\jdk8u241\331\hotspot\src\share\vm\prims\jni.cpp, line 710]
Event: 1.264 Thread 0x000000001d0ec800 Exception <a 'java/io/FileNotFoundException'> (0x00000000d6c83850) thrown at [C:\ade\jenkins\workspace\8-2-build-windows-amd64-cygwin\jdk8u241\331\hotspot\src\share\vm\prims\jni.cpp, line 710]
Event: 1.267 Thread 0x000000001d0ec800 Exception <a 'java/io/FileNotFoundException'> (0x00000000d6c8ae88) thrown at [C:\ade\jenkins\workspace\8-2-build-windows-amd64-cygwin\jdk8u241\331\hotspot\src\share\vm\prims\jni.cpp, line 710]
Event: 1.271 Thread 0x000000001d0ec800 Exception <a 'java/io/FileNotFoundException'> (0x00000000d6c923e0) thrown at [C:\ade\jenkins\workspace\8-2-build-windows-amd64-cygwin\jdk8u241\331\hotspot\src\share\vm\prims\jni.cpp, line 710]
Event: 1.276 Thread 0x000000001d0ec800 Exception <a 'java/io/FileNotFoundException'> (0x00000000d6c99ae0) thrown at [C:\ade\jenkins\workspace\8-2-build-windows-amd64-cygwin\jdk8u241\331\hotspot\src\share\vm\prims\jni.cpp, line 710]

Events (10 events):
Event: 1.624 loading class javafx/scene/control/Labeled$StyleableProperties
Event: 1.624 loading class javafx/scene/control/Labeled$StyleableProperties done
Event: 1.625 loading class javafx/scene/control/Labeled$StyleableProperties$1
Event: 1.625 loading class javafx/scene/control/Labeled$StyleableProperties$1 done
Event: 1.625 loading class javafx/scene/control/Labeled$StyleableProperties$2
Event: 1.625 loading class javafx/scene/control/Labeled$StyleableProperties$2 done
Event: 1.625 loading class javafx/scene/control/Labeled$StyleableProperties$3
Event: 1.625 loading class javafx/scene/control/Labeled$StyleableProperties$3 done
Event: 1.625 loading class javafx/scene/control/Labeled$StyleableProperties$4
Event: 1.625 loading class javafx/scene/control/Labeled$StyleableProperties$4 done


Dynamic libraries:
0x00007ff665730000 - 0x00007ff665767000 	C:\Program Files\Java\jre1.8.0_241\bin\javaw.exe
0x00007ffd6ecc0000 - 0x00007ffd6eeb0000 	C:\Windows\SYSTEM32\ntdll.dll
0x00007ffd6ce50000 - 0x00007ffd6cf02000 	C:\Windows\System32\KERNEL32.DLL
0x00007ffd6c890000 - 0x00007ffd6cb33000 	C:\Windows\System32\KERNELBASE.dll
0x00007ffd6d4e0000 - 0x00007ffd6d583000 	C:\Windows\System32\ADVAPI32.dll
0x00007ffd6ebc0000 - 0x00007ffd6ec5e000 	C:\Windows\System32\msvcrt.dll
0x00007ffd6dde0000 - 0x00007ffd6de77000 	C:\Windows\System32\sechost.dll
0x00007ffd6df90000 - 0x00007ffd6e0b0000 	C:\Windows\System32\RPCRT4.dll
0x00007ffd6da10000 - 0x00007ffd6dba4000 	C:\Windows\System32\USER32.dll
0x00007ffd6cbc0000 - 0x00007ffd6cbe1000 	C:\Windows\System32\win32u.dll
0x00007ffd6d4b0000 - 0x00007ffd6d4d6000 	C:\Windows\System32\GDI32.dll
0x00007ffd6bc50000 - 0x00007ffd6bde4000 	C:\Windows\System32\gdi32full.dll
0x00007ffd6cc70000 - 0x00007ffd6cd0e000 	C:\Windows\System32\msvcp_win.dll
0x00007ffd6c790000 - 0x00007ffd6c88a000 	C:\Windows\System32\ucrtbase.dll
0x00007ffd500c0000 - 0x00007ffd50345000 	C:\Windows\WinSxS\amd64_microsoft.windows.common-controls_6595b64144ccf1df_6.0.18362.720_none_e6beb5c51314836b\COMCTL32.dll
0x00007ffd6d6d0000 - 0x00007ffd6da06000 	C:\Windows\System32\combase.dll
0x00007ffd6cbf0000 - 0x00007ffd6cc70000 	C:\Windows\System32\bcryptPrimitives.dll
0x00007ffd6d380000 - 0x00007ffd6d3ae000 	C:\Windows\System32\IMM32.DLL
0x00000000768d0000 - 0x00000000769a2000 	C:\Program Files\Java\jre1.8.0_241\bin\msvcr100.dll
0x0000000076a90000 - 0x000000007733c000 	C:\Program Files\Java\jre1.8.0_241\bin\server\jvm.dll
0x00007ffd6d5f0000 - 0x00007ffd6d5f8000 	C:\Windows\System32\PSAPI.DLL
0x00007ffd61d20000 - 0x00007ffd61d44000 	C:\Windows\SYSTEM32\WINMM.dll
0x00007ffd600e0000 - 0x00007ffd600e9000 	C:\Windows\SYSTEM32\WSOCK32.dll
0x00007ffd63710000 - 0x00007ffd6371a000 	C:\Windows\SYSTEM32\VERSION.dll
0x00007ffd6dd60000 - 0x00007ffd6ddcf000 	C:\Windows\System32\WS2_32.dll
0x00007ffd61cf0000 - 0x00007ffd61d1d000 	C:\Windows\SYSTEM32\winmmbase.dll
0x00007ffd6cb40000 - 0x00007ffd6cb8a000 	C:\Windows\System32\cfgmgr32.dll
0x00007ffd66b00000 - 0x00007ffd66b0f000 	C:\Program Files\Java\jre1.8.0_241\bin\verify.dll
0x00007ffd64e50000 - 0x00007ffd64e79000 	C:\Program Files\Java\jre1.8.0_241\bin\java.dll
0x00007ffd489d0000 - 0x00007ffd48a05000 	C:\Program Files\Java\jre1.8.0_241\bin\jdwp.dll
0x00007ffd67820000 - 0x00007ffd67828000 	C:\Program Files\Java\jre1.8.0_241\bin\npt.dll
0x00007ffd53440000 - 0x00007ffd53463000 	C:\Program Files\Java\jre1.8.0_241\bin\instrument.dll
0x00007ffd669c0000 - 0x00007ffd669d6000 	C:\Program Files\Java\jre1.8.0_241\bin\zip.dll
0x00007ffd6e210000 - 0x00007ffd6e8f5000 	C:\Windows\System32\SHELL32.dll
0x00007ffd6de80000 - 0x00007ffd6df29000 	C:\Windows\System32\shcore.dll
0x00007ffd6bf40000 - 0x00007ffd6c6c0000 	C:\Windows\System32\windows.storage.dll
0x00007ffd6bbe0000 - 0x00007ffd6bc03000 	C:\Windows\System32\profapi.dll
0x00007ffd6bb90000 - 0x00007ffd6bbda000 	C:\Windows\System32\powrprof.dll
0x00007ffd6bb80000 - 0x00007ffd6bb90000 	C:\Windows\System32\UMPDC.dll
0x00007ffd6cdf0000 - 0x00007ffd6ce42000 	C:\Windows\System32\shlwapi.dll
0x00007ffd6bc30000 - 0x00007ffd6bc41000 	C:\Windows\System32\kernel.appcore.dll
0x00007ffd6c6c0000 - 0x00007ffd6c6d7000 	C:\Windows\System32\cryptsp.dll
0x00007ffd67810000 - 0x00007ffd67819000 	C:\Program Files\Java\jre1.8.0_241\bin\dt_socket.dll
0x00007ffd401f0000 - 0x00007ffd40206000 	C:\Windows\system32\napinsp.dll
0x00007ffd3f330000 - 0x00007ffd3f34a000 	C:\Windows\system32\pnrpnsp.dll
0x00007ffd67530000 - 0x00007ffd67545000 	C:\Windows\system32\wshbth.dll
0x00007ffd644a0000 - 0x00007ffd644bc000 	C:\Windows\system32\NLAapi.dll
0x00007ffd6b100000 - 0x00007ffd6b13a000 	C:\Windows\SYSTEM32\IPHLPAPI.DLL
0x00007ffd6b3f0000 - 0x00007ffd6b457000 	C:\Windows\System32\mswsock.dll
0x00007ffd6b140000 - 0x00007ffd6b20a000 	C:\Windows\SYSTEM32\DNSAPI.dll
0x00007ffd6d3b0000 - 0x00007ffd6d3b8000 	C:\Windows\System32\NSI.dll
0x00007ffd62c50000 - 0x00007ffd62c5e000 	C:\Windows\System32\winrnr.dll
0x00007ffd62630000 - 0x00007ffd626a7000 	C:\Windows\System32\fwpuclnt.dll
0x00007ffd6cb90000 - 0x00007ffd6cbb6000 	C:\Windows\System32\bcrypt.dll
0x00007ffd61ce0000 - 0x00007ffd61cea000 	C:\Windows\System32\rasadhlp.dll
0x0000000002d60000 - 0x0000000002d63000 	C:\Program Files\Java\jre1.8.0_241\bin\api-ms-win-core-console-l1-1-0.dll
0x0000000002d70000 - 0x0000000002d73000 	C:\Program Files\Java\jre1.8.0_241\bin\api-ms-win-core-datetime-l1-1-0.dll
0x0000000002d80000 - 0x0000000002d83000 	C:\Program Files\Java\jre1.8.0_241\bin\api-ms-win-core-debug-l1-1-0.dll
0x0000000002ea0000 - 0x0000000002ea3000 	C:\Program Files\Java\jre1.8.0_241\bin\api-ms-win-core-errorhandling-l1-1-0.dll
0x0000000002eb0000 - 0x0000000002eb4000 	C:\Program Files\Java\jre1.8.0_241\bin\api-ms-win-core-file-l1-1-0.dll
0x0000000002ec0000 - 0x0000000002ec3000 	C:\Program Files\Java\jre1.8.0_241\bin\api-ms-win-core-file-l1-2-0.dll
0x0000000002ed0000 - 0x0000000002ed3000 	C:\Program Files\Java\jre1.8.0_241\bin\api-ms-win-core-file-l2-1-0.dll
0x0000000002ee0000 - 0x0000000002ee3000 	C:\Program Files\Java\jre1.8.0_241\bin\api-ms-win-core-handle-l1-1-0.dll
0x0000000002ef0000 - 0x0000000002ef3000 	C:\Program Files\Java\jre1.8.0_241\bin\api-ms-win-core-heap-l1-1-0.dll
0x0000000002f00000 - 0x0000000002f03000 	C:\Program Files\Java\jre1.8.0_241\bin\api-ms-win-core-interlocked-l1-1-0.dll
0x0000000002f10000 - 0x0000000002f13000 	C:\Program Files\Java\jre1.8.0_241\bin\api-ms-win-core-libraryloader-l1-1-0.dll
0x0000000002f20000 - 0x0000000002f23000 	C:\Program Files\Java\jre1.8.0_241\bin\api-ms-win-core-localization-l1-2-0.dll
0x0000000002f30000 - 0x0000000002f33000 	C:\Program Files\Java\jre1.8.0_241\bin\api-ms-win-core-memory-l1-1-0.dll
0x0000000002f40000 - 0x0000000002f43000 	C:\Program Files\Java\jre1.8.0_241\bin\api-ms-win-core-namedpipe-l1-1-0.dll
0x000000001cae0000 - 0x000000001cae3000 	C:\Program Files\Java\jre1.8.0_241\bin\api-ms-win-core-processenvironment-l1-1-0.dll
0x000000001caf0000 - 0x000000001caf3000 	C:\Program Files\Java\jre1.8.0_241\bin\api-ms-win-core-processthreads-l1-1-0.dll
0x000000001cb00000 - 0x000000001cb03000 	C:\Program Files\Java\jre1.8.0_241\bin\api-ms-win-core-processthreads-l1-1-1.dll
0x000000001cb10000 - 0x000000001cb13000 	C:\Program Files\Java\jre1.8.0_241\bin\api-ms-win-core-profile-l1-1-0.dll
0x000000001cb20000 - 0x000000001cb23000 	C:\Program Files\Java\jre1.8.0_241\bin\api-ms-win-core-rtlsupport-l1-1-0.dll
0x000000001cb30000 - 0x000000001cb33000 	C:\Program Files\Java\jre1.8.0_241\bin\api-ms-win-core-string-l1-1-0.dll
0x000000001cb40000 - 0x000000001cb43000 	C:\Program Files\Java\jre1.8.0_241\bin\api-ms-win-core-synch-l1-1-0.dll
0x000000001cb50000 - 0x000000001cb53000 	C:\Program Files\Java\jre1.8.0_241\bin\api-ms-win-core-synch-l1-2-0.dll
0x000000001cb60000 - 0x000000001cb63000 	C:\Program Files\Java\jre1.8.0_241\bin\api-ms-win-core-sysinfo-l1-1-0.dll
0x000000001cb70000 - 0x000000001cb73000 	C:\Program Files\Java\jre1.8.0_241\bin\api-ms-win-core-timezone-l1-1-0.dll
0x000000001cb80000 - 0x000000001cb83000 	C:\Program Files\Java\jre1.8.0_241\bin\api-ms-win-core-util-l1-1-0.dll
0x000000001cb90000 - 0x000000001cb93000 	C:\Program Files\Java\jre1.8.0_241\bin\api-ms-win-crt-conio-l1-1-0.dll
0x000000001cba0000 - 0x000000001cba4000 	C:\Program Files\Java\jre1.8.0_241\bin\api-ms-win-crt-convert-l1-1-0.dll
0x000000001cbb0000 - 0x000000001cbb3000 	C:\Program Files\Java\jre1.8.0_241\bin\api-ms-win-crt-environment-l1-1-0.dll
0x000000001cbc0000 - 0x000000001cbc3000 	C:\Program Files\Java\jre1.8.0_241\bin\api-ms-win-crt-filesystem-l1-1-0.dll
0x000000001cbd0000 - 0x000000001cbd3000 	C:\Program Files\Java\jre1.8.0_241\bin\api-ms-win-crt-heap-l1-1-0.dll
0x000000001cbe0000 - 0x000000001cbe3000 	C:\Program Files\Java\jre1.8.0_241\bin\api-ms-win-crt-locale-l1-1-0.dll
0x000000001cbf0000 - 0x000000001cbf5000 	C:\Program Files\Java\jre1.8.0_241\bin\api-ms-win-crt-math-l1-1-0.dll
0x000000001cc00000 - 0x000000001cc05000 	C:\Program Files\Java\jre1.8.0_241\bin\api-ms-win-crt-multibyte-l1-1-0.dll
0x000000001cc10000 - 0x000000001cc20000 	C:\Program Files\Java\jre1.8.0_241\bin\api-ms-win-crt-private-l1-1-0.dll
0x000000001cc20000 - 0x000000001cc23000 	C:\Program Files\Java\jre1.8.0_241\bin\api-ms-win-crt-process-l1-1-0.dll
0x000000001cc30000 - 0x000000001cc34000 	C:\Program Files\Java\jre1.8.0_241\bin\api-ms-win-crt-runtime-l1-1-0.dll
0x000000001cc40000 - 0x000000001cc44000 	C:\Program Files\Java\jre1.8.0_241\bin\api-ms-win-crt-stdio-l1-1-0.dll
0x000000001cc50000 - 0x000000001cc54000 	C:\Program Files\Java\jre1.8.0_241\bin\api-ms-win-crt-string-l1-1-0.dll
0x000000001cc60000 - 0x000000001cc63000 	C:\Program Files\Java\jre1.8.0_241\bin\api-ms-win-crt-time-l1-1-0.dll
0x000000001cc70000 - 0x000000001cc73000 	C:\Program Files\Java\jre1.8.0_241\bin\api-ms-win-crt-utility-l1-1-0.dll
0x00007ffd425b0000 - 0x00007ffd426ac000 	C:\Program Files\Java\jre1.8.0_241\bin\ucrtbase.dll
0x00007ffd5a9a0000 - 0x00007ffd5a9b5000 	C:\Program Files\Java\jre1.8.0_241\bin\vcruntime140.dll
0x00007ffd400f0000 - 0x00007ffd4018b000 	C:\Program Files\Java\jre1.8.0_241\bin\msvcp140.dll
0x00007ffd3f5e0000 - 0x00007ffd3f631000 	C:\Program Files\Java\jre1.8.0_241\bin\concrt140.dll
0x00007ffd51090000 - 0x00007ffd510b3000 	C:\Program Files\Java\jre1.8.0_241\bin\prism_d3d.dll
0x00007ffd38070000 - 0x00007ffd38237000 	C:\Windows\system32\d3d9.dll
0x00007ffd6a080000 - 0x00007ffd6a0ad000 	C:\Windows\SYSTEM32\dwmapi.dll
0x00007ffd6a7f0000 - 0x00007ffd6a810000 	C:\Windows\SYSTEM32\dxcore.dll
0x00007ffd69b50000 - 0x00007ffd69be9000 	C:\Windows\system32\uxtheme.dll
0x00007ffd42fc0000 - 0x00007ffd43152000 	C:\Windows\System32\DriverStore\FileRepository\igdlh64.inf_amd64_9f310939ec1eebf9\igdumdim64.dll
0x00007ffd57230000 - 0x00007ffd57383000 	C:\Windows\System32\DriverStore\FileRepository\igdlh64.inf_amd64_9f310939ec1eebf9\igdgmm64.dll
0x00007ffd412a0000 - 0x00007ffd412e5000 	C:\Program Files\Java\jre1.8.0_241\bin\glass.dll
0x00007ffd6d600000 - 0x00007ffd6d6d0000 	C:\Windows\System32\COMDLG32.dll
0x00007ffd6e0b0000 - 0x00007ffd6e207000 	C:\Windows\System32\ole32.dll
0x00007ffd6e900000 - 0x00007ffd6e9c4000 	C:\Windows\System32\OLEAUT32.dll
0x00007ffd6e9d0000 - 0x00007ffd6eb06000 	C:\Windows\System32\MSCTF.dll
0x00007ffd26580000 - 0x00007ffd2a197000 	C:\Windows\System32\DriverStore\FileRepository\igdlh64.inf_amd64_9f310939ec1eebf9\igd9dxva64.dll
0x00007ffd633e0000 - 0x00007ffd63402000 	C:\Windows\System32\DriverStore\FileRepository\igdlh64.inf_amd64_9f310939ec1eebf9\igdinfo64.dll
0x00007ffd54eb0000 - 0x00007ffd5722f000 	C:\Windows\System32\DriverStore\FileRepository\igdlh64.inf_amd64_9f310939ec1eebf9\igc64.dll
0x00007ffd522a0000 - 0x00007ffd522b4000 	C:\Program Files\Java\jre1.8.0_241\bin\javafx_font.dll
0x00007ffd544f0000 - 0x00007ffd547ee000 	C:\Windows\SYSTEM32\dwrite.dll
0x00007ffd6eb10000 - 0x00007ffd6ebb2000 	C:\Windows\System32\clbcatq.dll
0x00007ffd5aaf0000 - 0x00007ffd5ac9f000 	C:\Windows\SYSTEM32\WindowsCodecs.dll
0x00007ffd5c420000 - 0x00007ffd5c45a000 	C:\Windows\system32\dataexchange.dll
0x00007ffd69100000 - 0x00007ffd692db000 	C:\Windows\system32\dcomp.dll
0x00007ffd68a40000 - 0x00007ffd68c9b000 	C:\Windows\system32\d3d11.dll
0x00007ffd6a880000 - 0x00007ffd6a96b000 	C:\Windows\system32\dxgi.dll
0x00007ffd69c10000 - 0x00007ffd69e6a000 	C:\Windows\system32\twinapi.appcore.dll
0x00007ffd6a050000 - 0x00007ffd6a079000 	C:\Windows\system32\RMCLIENT.dll
0x00007ffd63280000 - 0x00007ffd632b3000 	C:\Program Files\Common Files\Microsoft Shared\Ink\rtscom.dll

VM Arguments:
jvm_args: -agentlib:jdwp=transport=dt_socket,suspend=y,address=localhost:49241 -javaagent:D:\Kuliah\s4\PemodelanData\eclipseEE\configuration\org.eclipse.osgi\411\0\.cp\lib\javaagent-shaded.jar -Dfile.encoding=Cp1252 
java_command: main.Main
java_class_path (initial): D:\javafx-sdk-11.0.2\lib\javafx.base.jar;D:\javafx-sdk-11.0.2\lib\javafx.controls.jar;D:\javafx-sdk-11.0.2\lib\javafx.fxml.jar;D:\javafx-sdk-11.0.2\lib\javafx.graphics.jar;D:\javafx-sdk-11.0.2\lib\javafx.media.jar;D:\javafx-sdk-11.0.2\lib\javafx.swing.jar;D:\javafx-sdk-11.0.2\lib\javafx.web.jar;D:\javafx-sdk-11.0.2\lib\javafx-swt.jar;E:\javaFXTry2\bin;D:\Kuliah\s4\PemodelanData\eclipseEE\configuration\org.eclipse.osgi\411\0\.cp\lib\javaagent-shaded.jar
Launcher Type: SUN_STANDARD

Environment Variables:
JAVA_HOME=C:\Program Files\Java\jdk1.8.0_101
PATH=C:/Program Files/Java/jre1.8.0_241/bin/server;C:/Program Files/Java/jre1.8.0_241/bin;C:/Program Files/Java/jre1.8.0_241/lib/amd64;C:\Program Files (x86)\Common Files\Oracle\Java\javapath;C:\Program Files (x86)\Intel\iCLS Client\;C:\Program Files\Intel\iCLS Client\;C:\Windows\system32;C:\Windows;C:\Windows\System32\Wbem;C:\Windows\System32\WindowsPowerShell\v1.0\;C:\Program Files (x86)\Intel\Intel(R) Management Engine Components\DAL;C:\Program Files\Intel\Intel(R) Management Engine Components\DAL;C:\Program Files (x86)\Intel\Intel(R) Management Engine Components\IPT;C:\Program Files\Intel\Intel(R) Management Engine Components\IPT;C:\Program Files (x86)\NVIDIA Corporation\PhysX\Common;C:\Windows\system32;C:\Windows;C:\Windows\System32\Wbem;C:\Windows\System32\WindowsPowerShell\v1.0\;C:\Windows\System32\OpenSSH\;D:\Kuliah\s4\PemodelanData\hbase-1.4\hadoop-2.8.0\bin;D:\Kuliah\s4\PemodelanData\hbase-1.4\hadoop-2.8.0\sbin;C:\Program Files\Java\jdk1.8.0_101\bin;C:\Users\naufa\AppData\Local\Programs\Python\Python38-32\Scripts\;C:\Users\naufa\AppData\Local\Programs\Python\Python38-32\;C:\Users\naufa\AppData\Local\Microsoft\WindowsApps;C:\Program Files\Java\jdk1.8.0_101\bin;D:\Kuliah\s4\PemodelanData\hbase-1.4\hadoop-2.8.0\bin;D:\Kuliah\s4\PemodelanData\hbase-1.4\hadoop-2.8.0\sbin;D:\Users\naufa\AppData\Local\Programs\Microsoft VS Code\bin;C:\Program Files\JetBrains\PyCharm Community Edition 2019.3.3\bin;C:\Users\naufa\AppData\Local\GitHubDesktop\bin;D:\Kuliah\s4\PemodelanData\eclipseEE;
USERNAME=naufa
OS=Windows_NT
PROCESSOR_IDENTIFIER=Intel64 Family 6 Model 142 Stepping 10, GenuineIntel



---------------  S Y S T E M  ---------------

OS: Windows 10.0 , 64 bit Build 18362 (10.0.18362.329)

CPU:total 8 (initial active 8) (4 cores per cpu, 2 threads per core) family 6 model 142 stepping 10, cmov, cx8, fxsr, mmx, sse, sse2, sse3, ssse3, sse4.1, sse4.2, popcnt, avx, avx2, aes, clmul, erms, 3dnowpref, lzcnt, ht, tsc, tscinvbit, bmi1, bmi2, adx

Memory: 4k page, physical 8268528k(777636k free), swap 23759980k(5580k free)

vm_info: Java HotSpot(TM) 64-Bit Server VM (25.241-b07) for windows-amd64 JRE (1.8.0_241-b07), built on Dec 11 2019 10:21:40 by "rejava" with MS VC++ 10.0 (VS2010)

time: Wed Apr 15 21:17:56 2020
timezone: SE Asia Standard Time
elapsed time: 1 seconds (0d 0h 0m 1s)

