#
# There is insufficient memory for the Java Runtime Environment to continue.
# Native memory allocation (malloc) failed to allocate 211856 bytes for Chunk::new
# Possible reasons:
#   The system is out of physical RAM or swap space
#   The process is running with CompressedOops enabled, and the Java Heap may be blocking the growth of the native heap
# Possible solutions:
#   Reduce memory load on the system
#   Increase physical memory or swap space
#   Check if swap backing store is full
#   Decrease Java heap size (-Xmx/-Xms)
#   Decrease number of Java threads
#   Decrease Java thread stack sizes (-Xss)
#   Set larger code cache with -XX:ReservedCodeCacheSize=
#   JVM is running with Unscaled Compressed Oops mode in which the Java heap is
#     placed in the first 4GB address space. The Java Heap base address is the
#     maximum limit for the native heap growth. Please use -XX:HeapBaseMinAddress
#     to set the Java Heap base and to place the Java Heap above 4GB virtual address.
# This output file may be truncated or incomplete.
#
#  Out of Memory Error (allocation.cpp:389), pid=21716, tid=0x0000000000002cbc
#
# JRE version: Java(TM) SE Runtime Environment (8.0_241-b07) (build 1.8.0_241-b07)
# Java VM: Java HotSpot(TM) 64-Bit Server VM (25.241-b07 mixed mode windows-amd64 compressed oops)
# Failed to write core dump. Minidumps are not enabled by default on client versions of Windows
#

---------------  T H R E A D  ---------------

Current thread (0x000000001a03c800):  JavaThread "C2 CompilerThread2" daemon [_thread_in_native, id=11452, stack(0x000000001aef0000,0x000000001aff0000)]

Stack: [0x000000001aef0000,0x000000001aff0000]
[error occurred during error reporting (printing stack bounds), id 0xc0000005]

Native frames: (J=compiled Java code, j=interpreted, Vv=VM code, C=native code)


Current CompileTask:
C2:   1108  685       4       org.eclipse.jdt.launching.internal.org.objectweb.asm.MethodWriter::visitFrame (787 bytes)


---------------  P R O C E S S  ---------------

Java Threads: ( => current thread )
  0x000000001caaa800 JavaThread "JavaFX-Launcher" [_thread_blocked, id=13848, stack(0x0000000024a30000,0x0000000024b30000)]
  0x000000001cefd800 JavaThread "Thread-2" daemon [_thread_in_native, id=21692, stack(0x0000000024930000,0x0000000024a30000)]
  0x000000001ca2a800 JavaThread "JavaFX Application Thread" [_thread_in_vm, id=11936, stack(0x000000001dfa0000,0x000000001e0a0000)]
  0x000000001c816800 JavaThread "Thread-1" daemon [_thread_blocked, id=25020, stack(0x000000001dea0000,0x000000001dfa0000)]
  0x000000001b962800 JavaThread "QuantumRenderer-0" daemon [_thread_blocked, id=22000, stack(0x000000001cbc0000,0x000000001ccc0000)]
  0x000000001a0dc000 JavaThread "Service Thread" daemon [_thread_blocked, id=21160, stack(0x000000001b0f0000,0x000000001b1f0000)]
  0x000000001a03d800 JavaThread "C1 CompilerThread3" daemon [_thread_blocked, id=11776, stack(0x000000001aff0000,0x000000001b0f0000)]
=>0x000000001a03c800 JavaThread "C2 CompilerThread2" daemon [_thread_in_native, id=11452, stack(0x000000001aef0000,0x000000001aff0000)]
  0x000000001a03c000 JavaThread "C2 CompilerThread1" daemon [_thread_in_native, id=13380, stack(0x000000001adf0000,0x000000001aef0000)]
  0x000000001a034000 JavaThread "C2 CompilerThread0" daemon [_thread_in_native, id=29972, stack(0x000000001acf0000,0x000000001adf0000)]
  0x0000000019ef9000 JavaThread "JDWP Command Reader" daemon [_thread_in_native, id=31220, stack(0x000000001abf0000,0x000000001acf0000)]
  0x0000000019ef1800 JavaThread "JDWP Event Helper Thread" daemon [_thread_blocked, id=10028, stack(0x000000001aaf0000,0x000000001abf0000)]
  0x0000000019ee5800 JavaThread "JDWP Transport Listener: dt_socket" daemon [_thread_blocked, id=18312, stack(0x000000001a9f0000,0x000000001aaf0000)]
  0x0000000019edc000 JavaThread "Attach Listener" daemon [_thread_blocked, id=10092, stack(0x000000001a5b0000,0x000000001a6b0000)]
  0x0000000017fee000 JavaThread "Signal Dispatcher" daemon [_thread_blocked, id=3880, stack(0x000000001a4b0000,0x000000001a5b0000)]
  0x0000000019ed0800 JavaThread "Finalizer" daemon [_thread_blocked, id=17508, stack(0x000000001a2b0000,0x000000001a3b0000)]
  0x000000000305a000 JavaThread "Reference Handler" daemon [_thread_blocked, id=8136, stack(0x0000000019db0000,0x0000000019eb0000)]
  0x0000000002f63800 JavaThread "main" [_thread_blocked, id=9540, stack(0x0000000002bf0000,0x0000000002cf0000)]

Other Threads:
  0x0000000017fda000 VMThread [stack: 0x0000000019cb0000,0x0000000019db0000] [id=28084]
  0x000000001a164000 WatcherThread [stack: 0x000000001b1f0000,0x000000001b2f0000] [id=28412]

VM state:not at safepoint (normal execution)

VM Mutex/Monitor currently owned by a thread: None

heap address: 0x0000000081c00000, size: 2020 MB, Compressed Oops mode: 32-bit
Narrow klass base: 0x0000000000000000, Narrow klass shift: 3
Compressed class space size: 1073741824 Address: 0x0000000100000000

Heap:
 PSYoungGen      total 38400K, used 8477K [0x00000000d5f00000, 0x00000000d8980000, 0x0000000100000000)
  eden space 33280K, 18% used [0x00000000d5f00000,0x00000000d64f2b40,0x00000000d7f80000)
  from space 5120K, 46% used [0x00000000d7f80000,0x00000000d81d4a68,0x00000000d8480000)
  to   space 5120K, 0% used [0x00000000d8480000,0x00000000d8480000,0x00000000d8980000)
 ParOldGen       total 87552K, used 8K [0x0000000081c00000, 0x0000000087180000, 0x00000000d5f00000)
  object space 87552K, 0% used [0x0000000081c00000,0x0000000081c02000,0x0000000087180000)
 Metaspace       used 9223K, capacity 9596K, committed 9728K, reserved 1058816K
  class space    used 1091K, capacity 1238K, committed 1280K, reserved 1048576K

Card table byte_map: [0x0000000012420000,0x0000000012820000] byte_map_base: 0x0000000012012000

Marking Bits: (ParMarkBitMap*) 0x00000000772bbe30
 Begin Bits: [0x00000000132d0000, 0x0000000015260000)
 End Bits:   [0x0000000015260000, 0x00000000171f0000)

Polling page: 0x0000000000e90000

CodeCache: size=245760Kb used=3450Kb max_used=3450Kb free=242309Kb
 bounds [0x0000000003060000, 0x00000000033c0000, 0x0000000012060000]
 total_blobs=1156 nmethods=723 adapters=354
 compilation: enabled

Compilation events (10 events):
Event: 1.095 Thread 0x000000001a03d800  726       3       jdk.internal.org.objectweb.asm.ClassWriter::newNameTypeItem (71 bytes)
Event: 1.096 Thread 0x000000001a03d800 nmethod 726 0x00000000033bc710 code [0x00000000033bc8e0, 0x00000000033bce18]
Event: 1.098 Thread 0x000000001a03d800  727       3       java.lang.ClassLoader::compareCerts (149 bytes)
Event: 1.099 Thread 0x000000001a03d800 nmethod 727 0x00000000033bd110 code [0x00000000033bd2e0, 0x00000000033bdb98]
Event: 1.100 Thread 0x000000001a03d800  728       3       java.lang.reflect.Modifier::isProtected (12 bytes)
Event: 1.100 Thread 0x000000001a03d800 nmethod 728 0x00000000033be490 code [0x00000000033be5e0, 0x00000000033be770]
Event: 1.103 Thread 0x000000001a03d800  729       3       org.eclipse.jdt.launching.internal.org.objectweb.asm.MethodWriter::visitTryCatchBlock (67 bytes)
Event: 1.103 Thread 0x000000001a03d800 nmethod 729 0x00000000033be7d0 code [0x00000000033be960, 0x00000000033beec8]
Event: 1.103 Thread 0x000000001a03d800  730       3       org.eclipse.jdt.launching.internal.org.objectweb.asm.Handler::<init> (32 bytes)
Event: 1.104 Thread 0x000000001a03d800 nmethod 730 0x00000000033bf150 code [0x00000000033bf2a0, 0x00000000033bf4b0]

GC Heap History (2 events):
Event: 1.038 GC heap before
{Heap before GC invocations=1 (full 0):
 PSYoungGen      total 38400K, used 33280K [0x00000000d5f00000, 0x00000000d8980000, 0x0000000100000000)
  eden space 33280K, 100% used [0x00000000d5f00000,0x00000000d7f80000,0x00000000d7f80000)
  from space 5120K, 0% used [0x00000000d8480000,0x00000000d8480000,0x00000000d8980000)
  to   space 5120K, 0% used [0x00000000d7f80000,0x00000000d7f80000,0x00000000d8480000)
 ParOldGen       total 87552K, used 0K [0x0000000081c00000, 0x0000000087180000, 0x00000000d5f00000)
  object space 87552K, 0% used [0x0000000081c00000,0x0000000081c00000,0x0000000087180000)
 Metaspace       used 8587K, capacity 8922K, committed 9088K, reserved 1056768K
  class space    used 979K, capacity 1103K, committed 1152K, reserved 1048576K
Event: 1.042 GC heap after
Heap after GC invocations=1 (full 0):
 PSYoungGen      total 38400K, used 2386K [0x00000000d5f00000, 0x00000000d8980000, 0x0000000100000000)
  eden space 33280K, 0% used [0x00000000d5f00000,0x00000000d5f00000,0x00000000d7f80000)
  from space 5120K, 46% used [0x00000000d7f80000,0x00000000d81d4a68,0x00000000d8480000)
  to   space 5120K, 0% used [0x00000000d8480000,0x00000000d8480000,0x00000000d8980000)
 ParOldGen       total 87552K, used 8K [0x0000000081c00000, 0x0000000087180000, 0x00000000d5f00000)
  object space 87552K, 0% used [0x0000000081c00000,0x0000000081c02000,0x0000000087180000)
 Metaspace       used 8587K, capacity 8922K, committed 9088K, reserved 1056768K
  class space    used 979K, capacity 1103K, committed 1152K, reserved 1048576K
}

Deoptimization events (3 events):
Event: 0.705 Thread 0x0000000002f63800 Uncommon trap: reason=unstable_if action=reinterpret pc=0x00000000031e31a0 method=org.eclipse.jdt.launching.internal.org.objectweb.asm.ClassReader.readUtf(II[C)Ljava/lang/String; @ 41
Event: 0.705 Thread 0x0000000002f63800 Uncommon trap: reason=unstable_if action=reinterpret pc=0x000000000328c684 method=org.eclipse.jdt.launching.internal.org.objectweb.asm.ByteVector.putUTF8(Ljava/lang/String;)Lorg/eclipse/jdt/launching/internal/org/objectweb/asm/ByteVector; @ 100
Event: 0.705 Thread 0x0000000002f63800 Uncommon trap: reason=unstable_if action=reinterpret pc=0x00000000031e01ac method=org.eclipse.jdt.launching.internal.org.objectweb.asm.ByteVector.putUTF8(Ljava/lang/String;)Lorg/eclipse/jdt/launching/internal/org/objectweb/asm/ByteVector; @ 100

Classes redefined (0 events):
No events

Internal exceptions (10 events):
Event: 0.039 Thread 0x0000000002f63800 Exception <a 'java/lang/NoSuchMethodError': Method sun.misc.Unsafe.prefetchRead(Ljava/lang/Object;J)V name or signature does not match> (0x00000000d5f07fa8) thrown at [C:\ade\jenkins\workspace\8-2-build-windows-amd64-cygwin\jdk8u241\331\hotspot\src\share\
Event: 0.508 Thread 0x0000000002f63800 Exception <a 'java/lang/NoSuchFieldError': method resolution failed> (0x00000000d669cc78) thrown at [C:\ade\jenkins\workspace\8-2-build-windows-amd64-cygwin\jdk8u241\331\hotspot\src\share\vm\prims\methodHandles.cpp, line 1167]
Event: 0.514 Thread 0x0000000002f63800 Exception <a 'java/lang/NoSuchFieldError': method resolution failed> (0x00000000d66aa868) thrown at [C:\ade\jenkins\workspace\8-2-build-windows-amd64-cygwin\jdk8u241\331\hotspot\src\share\vm\prims\methodHandles.cpp, line 1167]
Event: 0.531 Thread 0x0000000002f63800 Exception <a 'java/security/PrivilegedActionException'> (0x00000000d6742960) thrown at [C:\ade\jenkins\workspace\8-2-build-windows-amd64-cygwin\jdk8u241\331\hotspot\src\share\vm\prims\jvm.cpp, line 1502]
Event: 0.531 Thread 0x0000000002f63800 Exception <a 'java/security/PrivilegedActionException'> (0x00000000d6742b70) thrown at [C:\ade\jenkins\workspace\8-2-build-windows-amd64-cygwin\jdk8u241\331\hotspot\src\share\vm\prims\jvm.cpp, line 1502]
Event: 0.531 Thread 0x0000000002f63800 Exception <a 'java/security/PrivilegedActionException'> (0x00000000d67467e0) thrown at [C:\ade\jenkins\workspace\8-2-build-windows-amd64-cygwin\jdk8u241\331\hotspot\src\share\vm\prims\jvm.cpp, line 1502]
Event: 0.531 Thread 0x0000000002f63800 Exception <a 'java/security/PrivilegedActionException'> (0x00000000d67469f0) thrown at [C:\ade\jenkins\workspace\8-2-build-windows-amd64-cygwin\jdk8u241\331\hotspot\src\share\vm\prims\jvm.cpp, line 1502]
Event: 0.532 Thread 0x0000000002f63800 Exception <a 'java/lang/NullPointerException'> (0x00000000d6747378) thrown at [C:\ade\jenkins\workspace\8-2-build-windows-amd64-cygwin\jdk8u241\331\hotspot\src\share\vm\interpreter\linkResolver.cpp, line 1185]
Event: 1.099 Thread 0x000000001ca2a800 Exception <a 'java/lang/NullPointerException'> (0x00000000d643ce00) thrown at [C:\ade\jenkins\workspace\8-2-build-windows-amd64-cygwin\jdk8u241\331\hotspot\src\share\vm\interpreter\linkResolver.cpp, line 1185]
Event: 1.099 Thread 0x000000001ca2a800 Exception <a 'java/lang/NullPointerException'> (0x00000000d643ce00) thrown at [C:\ade\jenkins\workspace\8-2-build-windows-amd64-cygwin\jdk8u241\331\hotspot\src\share\vm\prims\jvm.cpp, line 1506]

Events (10 events):
Event: 1.104 loading class com/sun/javafx/collections/VetoableListDecorator$ModCountAccessor
Event: 1.104 loading class com/sun/javafx/collections/VetoableListDecorator$ModCountAccessor done
Event: 1.105 loading class javafx/scene/Parent$1
Event: 1.105 loading class javafx/scene/Parent$1 done
Event: 1.106 loading class javafx/collections/ListChangeListener$Change
Event: 1.106 loading class javafx/collections/ListChangeListener$Change done
Event: 1.106 loading class javafx/collections/ListChangeListener$Change
Event: 1.106 loading class javafx/collections/ListChangeListener$Change done
Event: 1.106 loading class com/sun/javafx/collections/VetoableListDecorator
Event: 1.106 loading class com/sun/javafx/collections/VetoableListDecorator done


Dynamic libraries:
0x00007ff665730000 - 0x00007ff665767000 	C:\Program Files\Java\jre1.8.0_241\bin\javaw.exe
0x00007ffd6ecc0000 - 0x00007ffd6eeb0000 	C:\Windows\SYSTEM32\ntdll.dll
0x00007ffd6ce50000 - 0x00007ffd6cf02000 	C:\Windows\System32\KERNEL32.DLL
0x00007ffd6c890000 - 0x00007ffd6cb33000 	C:\Windows\System32\KERNELBASE.dll
0x00007ffd6d4e0000 - 0x00007ffd6d583000 	C:\Windows\System32\ADVAPI32.dll
0x00007ffd6ebc0000 - 0x00007ffd6ec5e000 	C:\Windows\System32\msvcrt.dll
0x00007ffd6dde0000 - 0x00007ffd6de77000 	C:\Windows\System32\sechost.dll
0x00007ffd6df90000 - 0x00007ffd6e0b0000 	C:\Windows\System32\RPCRT4.dll
0x00007ffd6da10000 - 0x00007ffd6dba4000 	C:\Windows\System32\USER32.dll
0x00007ffd6cbc0000 - 0x00007ffd6cbe1000 	C:\Windows\System32\win32u.dll
0x00007ffd6d4b0000 - 0x00007ffd6d4d6000 	C:\Windows\System32\GDI32.dll
0x00007ffd6bc50000 - 0x00007ffd6bde4000 	C:\Windows\System32\gdi32full.dll
0x00007ffd6cc70000 - 0x00007ffd6cd0e000 	C:\Windows\System32\msvcp_win.dll
0x00007ffd6c790000 - 0x00007ffd6c88a000 	C:\Windows\System32\ucrtbase.dll
0x00007ffd500c0000 - 0x00007ffd50345000 	C:\Windows\WinSxS\amd64_microsoft.windows.common-controls_6595b64144ccf1df_6.0.18362.720_none_e6beb5c51314836b\COMCTL32.dll
0x00007ffd6d6d0000 - 0x00007ffd6da06000 	C:\Windows\System32\combase.dll
0x00007ffd6cbf0000 - 0x00007ffd6cc70000 	C:\Windows\System32\bcryptPrimitives.dll
0x00007ffd6d380000 - 0x00007ffd6d3ae000 	C:\Windows\System32\IMM32.DLL
0x00000000768d0000 - 0x00000000769a2000 	C:\Program Files\Java\jre1.8.0_241\bin\msvcr100.dll
0x0000000076a90000 - 0x000000007733c000 	C:\Program Files\Java\jre1.8.0_241\bin\server\jvm.dll
0x00007ffd6d5f0000 - 0x00007ffd6d5f8000 	C:\Windows\System32\PSAPI.DLL
0x00007ffd600e0000 - 0x00007ffd600e9000 	C:\Windows\SYSTEM32\WSOCK32.dll
0x00007ffd63710000 - 0x00007ffd6371a000 	C:\Windows\SYSTEM32\VERSION.dll
0x00007ffd61d20000 - 0x00007ffd61d44000 	C:\Windows\SYSTEM32\WINMM.dll
0x00007ffd6dd60000 - 0x00007ffd6ddcf000 	C:\Windows\System32\WS2_32.dll
0x00007ffd61cf0000 - 0x00007ffd61d1d000 	C:\Windows\SYSTEM32\winmmbase.dll
0x00007ffd6cb40000 - 0x00007ffd6cb8a000 	C:\Windows\System32\cfgmgr32.dll
0x00007ffd66b00000 - 0x00007ffd66b0f000 	C:\Program Files\Java\jre1.8.0_241\bin\verify.dll
0x00007ffd64e50000 - 0x00007ffd64e79000 	C:\Program Files\Java\jre1.8.0_241\bin\java.dll
0x00007ffd489d0000 - 0x00007ffd48a05000 	C:\Program Files\Java\jre1.8.0_241\bin\jdwp.dll
0x00007ffd67820000 - 0x00007ffd67828000 	C:\Program Files\Java\jre1.8.0_241\bin\npt.dll
0x00007ffd53440000 - 0x00007ffd53463000 	C:\Program Files\Java\jre1.8.0_241\bin\instrument.dll
0x00007ffd669c0000 - 0x00007ffd669d6000 	C:\Program Files\Java\jre1.8.0_241\bin\zip.dll
0x00007ffd6e210000 - 0x00007ffd6e8f5000 	C:\Windows\System32\SHELL32.dll
0x00007ffd6de80000 - 0x00007ffd6df29000 	C:\Windows\System32\shcore.dll
0x00007ffd6bf40000 - 0x00007ffd6c6c0000 	C:\Windows\System32\windows.storage.dll
0x00007ffd6bbe0000 - 0x00007ffd6bc03000 	C:\Windows\System32\profapi.dll
0x00007ffd6bb90000 - 0x00007ffd6bbda000 	C:\Windows\System32\powrprof.dll
0x00007ffd6bb80000 - 0x00007ffd6bb90000 	C:\Windows\System32\UMPDC.dll
0x00007ffd6cdf0000 - 0x00007ffd6ce42000 	C:\Windows\System32\shlwapi.dll
0x00007ffd6bc30000 - 0x00007ffd6bc41000 	C:\Windows\System32\kernel.appcore.dll
0x00007ffd6c6c0000 - 0x00007ffd6c6d7000 	C:\Windows\System32\cryptsp.dll
0x00007ffd67810000 - 0x00007ffd67819000 	C:\Program Files\Java\jre1.8.0_241\bin\dt_socket.dll
0x00007ffd401f0000 - 0x00007ffd40206000 	C:\Windows\system32\napinsp.dll
0x00007ffd3f330000 - 0x00007ffd3f34a000 	C:\Windows\system32\pnrpnsp.dll
0x00007ffd67530000 - 0x00007ffd67545000 	C:\Windows\system32\wshbth.dll
0x00007ffd644a0000 - 0x00007ffd644bc000 	C:\Windows\system32\NLAapi.dll
0x00007ffd6b100000 - 0x00007ffd6b13a000 	C:\Windows\SYSTEM32\IPHLPAPI.DLL
0x00007ffd6b3f0000 - 0x00007ffd6b457000 	C:\Windows\System32\mswsock.dll
0x00007ffd6b140000 - 0x00007ffd6b20a000 	C:\Windows\SYSTEM32\DNSAPI.dll
0x00007ffd6d3b0000 - 0x00007ffd6d3b8000 	C:\Windows\System32\NSI.dll
0x00007ffd62c50000 - 0x00007ffd62c5e000 	C:\Windows\System32\winrnr.dll
0x00007ffd62630000 - 0x00007ffd626a7000 	C:\Windows\System32\fwpuclnt.dll
0x00007ffd6cb90000 - 0x00007ffd6cbb6000 	C:\Windows\System32\bcrypt.dll
0x00007ffd61ce0000 - 0x00007ffd61cea000 	C:\Windows\System32\rasadhlp.dll
0x0000000002bb0000 - 0x0000000002bb3000 	C:\Program Files\Java\jre1.8.0_241\bin\api-ms-win-core-console-l1-1-0.dll
0x0000000002bc0000 - 0x0000000002bc3000 	C:\Program Files\Java\jre1.8.0_241\bin\api-ms-win-core-datetime-l1-1-0.dll
0x0000000002bd0000 - 0x0000000002bd3000 	C:\Program Files\Java\jre1.8.0_241\bin\api-ms-win-core-debug-l1-1-0.dll
0x0000000002cf0000 - 0x0000000002cf3000 	C:\Program Files\Java\jre1.8.0_241\bin\api-ms-win-core-errorhandling-l1-1-0.dll
0x0000000002d00000 - 0x0000000002d04000 	C:\Program Files\Java\jre1.8.0_241\bin\api-ms-win-core-file-l1-1-0.dll
0x0000000002d10000 - 0x0000000002d13000 	C:\Program Files\Java\jre1.8.0_241\bin\api-ms-win-core-file-l1-2-0.dll
0x0000000002d20000 - 0x0000000002d23000 	C:\Program Files\Java\jre1.8.0_241\bin\api-ms-win-core-file-l2-1-0.dll
0x0000000002d30000 - 0x0000000002d33000 	C:\Program Files\Java\jre1.8.0_241\bin\api-ms-win-core-handle-l1-1-0.dll
0x0000000002d40000 - 0x0000000002d43000 	C:\Program Files\Java\jre1.8.0_241\bin\api-ms-win-core-heap-l1-1-0.dll
0x0000000002d50000 - 0x0000000002d53000 	C:\Program Files\Java\jre1.8.0_241\bin\api-ms-win-core-interlocked-l1-1-0.dll
0x0000000002d60000 - 0x0000000002d63000 	C:\Program Files\Java\jre1.8.0_241\bin\api-ms-win-core-libraryloader-l1-1-0.dll
0x0000000002d70000 - 0x0000000002d73000 	C:\Program Files\Java\jre1.8.0_241\bin\api-ms-win-core-localization-l1-2-0.dll
0x0000000002d80000 - 0x0000000002d83000 	C:\Program Files\Java\jre1.8.0_241\bin\api-ms-win-core-memory-l1-1-0.dll
0x0000000002d90000 - 0x0000000002d93000 	C:\Program Files\Java\jre1.8.0_241\bin\api-ms-win-core-namedpipe-l1-1-0.dll
0x0000000002da0000 - 0x0000000002da3000 	C:\Program Files\Java\jre1.8.0_241\bin\api-ms-win-core-processenvironment-l1-1-0.dll
0x0000000002db0000 - 0x0000000002db3000 	C:\Program Files\Java\jre1.8.0_241\bin\api-ms-win-core-processthreads-l1-1-0.dll
0x0000000002dc0000 - 0x0000000002dc3000 	C:\Program Files\Java\jre1.8.0_241\bin\api-ms-win-core-processthreads-l1-1-1.dll
0x0000000002dd0000 - 0x0000000002dd3000 	C:\Program Files\Java\jre1.8.0_241\bin\api-ms-win-core-profile-l1-1-0.dll
0x0000000002ef0000 - 0x0000000002ef3000 	C:\Program Files\Java\jre1.8.0_241\bin\api-ms-win-core-rtlsupport-l1-1-0.dll
0x0000000002f00000 - 0x0000000002f03000 	C:\Program Files\Java\jre1.8.0_241\bin\api-ms-win-core-string-l1-1-0.dll
0x0000000002f10000 - 0x0000000002f13000 	C:\Program Files\Java\jre1.8.0_241\bin\api-ms-win-core-synch-l1-1-0.dll
0x0000000002f20000 - 0x0000000002f23000 	C:\Program Files\Java\jre1.8.0_241\bin\api-ms-win-core-synch-l1-2-0.dll
0x0000000002f30000 - 0x0000000002f33000 	C:\Program Files\Java\jre1.8.0_241\bin\api-ms-win-core-sysinfo-l1-1-0.dll
0x0000000002f40000 - 0x0000000002f43000 	C:\Program Files\Java\jre1.8.0_241\bin\api-ms-win-core-timezone-l1-1-0.dll
0x000000001cac0000 - 0x000000001cac3000 	C:\Program Files\Java\jre1.8.0_241\bin\api-ms-win-core-util-l1-1-0.dll
0x000000001cad0000 - 0x000000001cad3000 	C:\Program Files\Java\jre1.8.0_241\bin\api-ms-win-crt-conio-l1-1-0.dll
0x000000001cae0000 - 0x000000001cae4000 	C:\Program Files\Java\jre1.8.0_241\bin\api-ms-win-crt-convert-l1-1-0.dll
0x000000001caf0000 - 0x000000001caf3000 	C:\Program Files\Java\jre1.8.0_241\bin\api-ms-win-crt-environment-l1-1-0.dll
0x000000001cb00000 - 0x000000001cb03000 	C:\Program Files\Java\jre1.8.0_241\bin\api-ms-win-crt-filesystem-l1-1-0.dll
0x000000001cb10000 - 0x000000001cb13000 	C:\Program Files\Java\jre1.8.0_241\bin\api-ms-win-crt-heap-l1-1-0.dll
0x000000001cb20000 - 0x000000001cb23000 	C:\Program Files\Java\jre1.8.0_241\bin\api-ms-win-crt-locale-l1-1-0.dll
0x000000001cb30000 - 0x000000001cb35000 	C:\Program Files\Java\jre1.8.0_241\bin\api-ms-win-crt-math-l1-1-0.dll
0x000000001cb40000 - 0x000000001cb45000 	C:\Program Files\Java\jre1.8.0_241\bin\api-ms-win-crt-multibyte-l1-1-0.dll
0x000000001cb50000 - 0x000000001cb60000 	C:\Program Files\Java\jre1.8.0_241\bin\api-ms-win-crt-private-l1-1-0.dll
0x000000001cb60000 - 0x000000001cb63000 	C:\Program Files\Java\jre1.8.0_241\bin\api-ms-win-crt-process-l1-1-0.dll
0x000000001cb70000 - 0x000000001cb74000 	C:\Program Files\Java\jre1.8.0_241\bin\api-ms-win-crt-runtime-l1-1-0.dll
0x000000001cb80000 - 0x000000001cb84000 	C:\Program Files\Java\jre1.8.0_241\bin\api-ms-win-crt-stdio-l1-1-0.dll
0x000000001cb90000 - 0x000000001cb94000 	C:\Program Files\Java\jre1.8.0_241\bin\api-ms-win-crt-string-l1-1-0.dll
0x000000001cba0000 - 0x000000001cba3000 	C:\Program Files\Java\jre1.8.0_241\bin\api-ms-win-crt-time-l1-1-0.dll
0x000000001cbb0000 - 0x000000001cbb3000 	C:\Program Files\Java\jre1.8.0_241\bin\api-ms-win-crt-utility-l1-1-0.dll
0x00007ffd425b0000 - 0x00007ffd426ac000 	C:\Program Files\Java\jre1.8.0_241\bin\ucrtbase.dll
0x00007ffd5a9a0000 - 0x00007ffd5a9b5000 	C:\Program Files\Java\jre1.8.0_241\bin\vcruntime140.dll
0x00007ffd400f0000 - 0x00007ffd4018b000 	C:\Program Files\Java\jre1.8.0_241\bin\msvcp140.dll
0x00007ffd3f5e0000 - 0x00007ffd3f631000 	C:\Program Files\Java\jre1.8.0_241\bin\concrt140.dll
0x00007ffd51090000 - 0x00007ffd510b3000 	C:\Program Files\Java\jre1.8.0_241\bin\prism_d3d.dll
0x00007ffd38070000 - 0x00007ffd38237000 	C:\Windows\system32\d3d9.dll
0x00007ffd6a080000 - 0x00007ffd6a0ad000 	C:\Windows\SYSTEM32\dwmapi.dll
0x00007ffd6a7f0000 - 0x00007ffd6a810000 	C:\Windows\SYSTEM32\dxcore.dll
0x00007ffd69b50000 - 0x00007ffd69be9000 	C:\Windows\system32\uxtheme.dll
0x00007ffd2da30000 - 0x00007ffd2dbc2000 	C:\Windows\System32\DriverStore\FileRepository\igdlh64.inf_amd64_9f310939ec1eebf9\igdumdim64.dll
0x00007ffd57230000 - 0x00007ffd57383000 	C:\Windows\System32\DriverStore\FileRepository\igdlh64.inf_amd64_9f310939ec1eebf9\igdgmm64.dll
0x00007ffd412a0000 - 0x00007ffd412e5000 	C:\Program Files\Java\jre1.8.0_241\bin\glass.dll
0x00007ffd6d600000 - 0x00007ffd6d6d0000 	C:\Windows\System32\COMDLG32.dll
0x00007ffd6e0b0000 - 0x00007ffd6e207000 	C:\Windows\System32\ole32.dll
0x00007ffd6e900000 - 0x00007ffd6e9c4000 	C:\Windows\System32\OLEAUT32.dll
0x00007ffd6e9d0000 - 0x00007ffd6eb06000 	C:\Windows\System32\MSCTF.dll
0x00007ffd06ad0000 - 0x00007ffd0a6e7000 	C:\Windows\System32\DriverStore\FileRepository\igdlh64.inf_amd64_9f310939ec1eebf9\igd9dxva64.dll
0x00007ffd633e0000 - 0x00007ffd63402000 	C:\Windows\System32\DriverStore\FileRepository\igdlh64.inf_amd64_9f310939ec1eebf9\igdinfo64.dll
0x00007ffd54eb0000 - 0x00007ffd5722f000 	C:\Windows\System32\DriverStore\FileRepository\igdlh64.inf_amd64_9f310939ec1eebf9\igc64.dll

VM Arguments:
jvm_args: -agentlib:jdwp=transport=dt_socket,suspend=y,address=localhost:55021 -javaagent:D:\Kuliah\s4\PemodelanData\eclipseEE\configuration\org.eclipse.osgi\411\0\.cp\lib\javaagent-shaded.jar -Dfile.encoding=Cp1252 
java_command: main.Main
java_class_path (initial): D:\javafx-sdk-11.0.2\lib\javafx.base.jar;D:\javafx-sdk-11.0.2\lib\javafx.controls.jar;D:\javafx-sdk-11.0.2\lib\javafx.fxml.jar;D:\javafx-sdk-11.0.2\lib\javafx.graphics.jar;D:\javafx-sdk-11.0.2\lib\javafx.media.jar;D:\javafx-sdk-11.0.2\lib\javafx.swing.jar;D:\javafx-sdk-11.0.2\lib\javafx.web.jar;D:\javafx-sdk-11.0.2\lib\javafx-swt.jar;E:\javaFXTry2\bin;D:\Kuliah\s4\PemodelanData\eclipseEE\configuration\org.eclipse.osgi\411\0\.cp\lib\javaagent-shaded.jar
Launcher Type: SUN_STANDARD

Environment Variables:
JAVA_HOME=C:\Program Files\Java\jdk1.8.0_101
PATH=C:/Program Files/Java/jre1.8.0_241/bin/server;C:/Program Files/Java/jre1.8.0_241/bin;C:/Program Files/Java/jre1.8.0_241/lib/amd64;C:\Program Files (x86)\Common Files\Oracle\Java\javapath;C:\Program Files (x86)\Intel\iCLS Client\;C:\Program Files\Intel\iCLS Client\;C:\Windows\system32;C:\Windows;C:\Windows\System32\Wbem;C:\Windows\System32\WindowsPowerShell\v1.0\;C:\Program Files (x86)\Intel\Intel(R) Management Engine Components\DAL;C:\Program Files\Intel\Intel(R) Management Engine Components\DAL;C:\Program Files (x86)\Intel\Intel(R) Management Engine Components\IPT;C:\Program Files\Intel\Intel(R) Management Engine Components\IPT;C:\Program Files (x86)\NVIDIA Corporation\PhysX\Common;C:\Windows\system32;C:\Windows;C:\Windows\System32\Wbem;C:\Windows\System32\WindowsPowerShell\v1.0\;C:\Windows\System32\OpenSSH\;D:\Kuliah\s4\PemodelanData\hbase-1.4\hadoop-2.8.0\bin;D:\Kuliah\s4\PemodelanData\hbase-1.4\hadoop-2.8.0\sbin;C:\Program Files\Java\jdk1.8.0_101\bin;C:\Users\naufa\AppData\Local\Programs\Python\Python38-32\Scripts\;C:\Users\naufa\AppData\Local\Programs\Python\Python38-32\;C:\Users\naufa\AppData\Local\Microsoft\WindowsApps;C:\Program Files\Java\jdk1.8.0_101\bin;D:\Kuliah\s4\PemodelanData\hbase-1.4\hadoop-2.8.0\bin;D:\Kuliah\s4\PemodelanData\hbase-1.4\hadoop-2.8.0\sbin;D:\Users\naufa\AppData\Local\Programs\Microsoft VS Code\bin;C:\Program Files\JetBrains\PyCharm Community Edition 2019.3.3\bin;C:\Users\naufa\AppData\Local\GitHubDesktop\bin;D:\Kuliah\s4\PemodelanData\eclipseEE;
USERNAME=naufa
OS=Windows_NT
PROCESSOR_IDENTIFIER=Intel64 Family 6 Model 142 Stepping 10, GenuineIntel



---------------  S Y S T E M  ---------------

OS: Windows 10.0 , 64 bit Build 18362 (10.0.18362.329)

CPU:total 8 (initial active 8) (4 cores per cpu, 2 threads per core) family 6 model 142 stepping 10, cmov, cx8, fxsr, mmx, sse, sse2, sse3, ssse3, sse4.1, sse4.2, popcnt, avx, avx2, aes, clmul, erms, 3dnowpref, lzcnt, ht, tsc, tscinvbit, bmi1, bmi2, adx

Memory: 4k page, physical 8268528k(499804k free), swap 23759980k(5120k free)

vm_info: Java HotSpot(TM) 64-Bit Server VM (25.241-b07) for windows-amd64 JRE (1.8.0_241-b07), built on Dec 11 2019 10:21:40 by "rejava" with MS VC++ 10.0 (VS2010)

time: Wed Apr 15 15:38:30 2020
timezone: SE Asia Standard Time
elapsed time: 1 seconds (0d 0h 0m 1s)

